<?xml version="1.0" encoding="UTF-8"?>
<!-- Generated by org.testng.reporters.JUnitReportReporter -->
<testsuite skipped="0" hostname="DESKTOP-JMVVTGK" name="flourish.tests.LoginPageTest" tests="2" failures="0" timestamp="05 Nov 2019 09:44:46 GMT" time="28.489" errors="0">
  <testcase name="verifyLoginToAndroidFlourish" time="14.723" classname="flourish.tests.LoginPageTest"/>
  <testcase name="verifyClickOnShowPassword" time="13.766" classname="flourish.tests.LoginPageTest"/>
</testsuite> <!-- flourish.tests.LoginPageTest -->
