<?xml version="1.0" encoding="UTF-8"?>
<!-- Generated by org.testng.reporters.JUnitReportReporter -->
<testsuite skipped="0" hostname="DESKTOP-JMVVTGK" name="flourish.tests.NewOrderScreenPageTest" tests="4" failures="0" timestamp="05 Nov 2019 09:44:46 GMT" time="157.224" errors="0">
  <testcase name="verifyCreateNewOrderDetails" time="40.349" classname="flourish.tests.NewOrderScreenPageTest"/>
  <testcase name="verifyNewOrderCancelButtons" time="40.483" classname="flourish.tests.NewOrderScreenPageTest"/>
  <testcase name="verifyNewOrderSaveAndContinueButton" time="31.020" classname="flourish.tests.NewOrderScreenPageTest"/>
  <testcase name="verifyAddOrderLineManually" time="45.372" classname="flourish.tests.NewOrderScreenPageTest"/>
</testsuite> <!-- flourish.tests.NewOrderScreenPageTest -->
