<?xml version="1.0" encoding="UTF-8"?>
<!-- Generated by org.testng.reporters.JUnitReportReporter -->
<testsuite skipped="0" hostname="DESKTOP-JMVVTGK" name="flourish.tests.Env_SettingsPageTest" tests="1" failures="0" timestamp="05 Nov 2019 09:44:46 GMT" time="22.433" errors="0">
  <testcase name="verifySelectFacilityAndScanner" time="22.433" classname="flourish.tests.Env_SettingsPageTest"/>
</testsuite> <!-- flourish.tests.Env_SettingsPageTest -->
