<?xml version="1.0" encoding="UTF-8"?>
<!-- Generated by org.testng.reporters.JUnitReportReporter -->
<testsuite skipped="0" hostname="DESKTOP-JMVVTGK" name="flourish.tests.SelectEnvironmentPageTest" tests="1" failures="0" timestamp="05 Nov 2019 09:44:46 GMT" time="19.075" errors="0">
  <testcase name="verifySelectEnv" time="19.075" classname="flourish.tests.SelectEnvironmentPageTest"/>
</testsuite> <!-- flourish.tests.SelectEnvironmentPageTest -->
