<?xml version="1.0" encoding="UTF-8"?>
<!-- Generated by org.testng.reporters.JUnitReportReporter -->
<testsuite skipped="0" hostname="DESKTOP-JMVVTGK" name="flourish.tests.FlourishDashboardPageTest" tests="1" failures="0" timestamp="05 Nov 2019 09:44:46 GMT" time="28.290" errors="0">
  <testcase name="verifyClickOnOutbound" time="28.290" classname="flourish.tests.FlourishDashboardPageTest"/>
</testsuite> <!-- flourish.tests.FlourishDashboardPageTest -->
