<?xml version="1.0" encoding="UTF-8"?>
<!-- Generated by org.testng.reporters.JUnitReportReporter -->
<testsuite skipped="0" hostname="DESKTOP-JMVVTGK" name="flourish.tests.PIN_PageTest" tests="1" failures="0" timestamp="05 Nov 2019 09:44:46 GMT" time="28.645" errors="0">
  <testcase name="verifyEnterPin" time="28.645" classname="flourish.tests.PIN_PageTest"/>
</testsuite> <!-- flourish.tests.PIN_PageTest -->
